<?xml version="1.0" encoding="UTF-8"?>
<testsuite xmlns:xsi="http://www.w3.org/2001/XMLSchema-instance" xsi:noNamespaceSchemaLocation="https://maven.apache.org/surefire/maven-surefire-plugin/xsd/surefire-test-report-3.0.xsd" version="3.0" name="tek.sdet.framework.runner.TestRunner" time="35.895" tests="6" errors="0" skipped="0" failures="0">
  <properties>
[...]
</properties>
  <testcase name="Verify User can add an item to cart" classname="Retail Order Page" time="8.03">
    <system-out><![CDATA[
@RegressionRetailOrder @addItemToCart
Scenario: Verify User can add an item to cart                                    # features/RetailOrder.feature:12
{browser=chrome, headless=false, url=https://tek-retail-ui.azurewebsites.net/}
  Given User is on retail website                                                # tek.sdet.framework.steps.SignInSteps.userIsOnRetailWebsite()
 INFO [main] (SignInSteps.java:26)- Login link was clicked successfully
  When User click on Sign in option                                              # tek.sdet.framework.steps.SignInSteps.UserclickonSigninoption()
 INFO [main] (SignInSteps.java:34)- User successfully entered emailAhmad.F.Ghafoor@tekschool.us and passwordTek@School1
  And User enter email 'Ahmad.F.Ghafoor@tekschool.us' and password 'Tek@School1' # tek.sdet.framework.steps.SignInSteps.userEnterEmailAndPassword(java.lang.String,java.lang.String)
 INFO [main] (SignInSteps.java:39)- user clicked login button
  And User click on login button                                                 # tek.sdet.framework.steps.SignInSteps.userClickOnLoginButton()
 INFO [main] (SignInSteps.java:44)- Account button is displayed
  Then User Should be logged in into Account                                     # tek.sdet.framework.steps.SignInSteps.userShouldBeLoggedInIntoAccount()
 INFO [main] (RetailOrderSteps.java:20)- Category was selected successfully from dropdown
  And User change the category to 'Smart Home'                                   # tek.sdet.framework.steps.RetailOrderSteps.userChangeTheCategoryTo(java.lang.String)
 INFO [main] (RetailOrderSteps.java:26)- Item name was entered successfully
  And User search for an item 'kasa outdoor smart plug'                          # tek.sdet.framework.steps.RetailOrderSteps.userSearchForAnItem(java.lang.String)
 INFO [main] (RetailOrderSteps.java:32)- Search button was clicked successfully
  And User click on Search icon                                                  # tek.sdet.framework.steps.RetailOrderSteps.userClickOnSearchIcon()
 INFO [main] (RetailOrderSteps.java:39)- Item was added successfully
  And User click on item                                                         # tek.sdet.framework.steps.RetailOrderSteps.userClickOnItem()
 INFO [main] (RetailOrderSteps.java:45)- item quantity was selected successfully
  And User select quantity '2'                                                   # tek.sdet.framework.steps.RetailOrderSteps.userSelectQuantity(java.lang.String)
 INFO [main] (RetailOrderSteps.java:51)- Cart button was clicked successfully
  And User click add to Cart button                                              # tek.sdet.framework.steps.RetailOrderSteps.userClickAddToCartButton()
]]></system-out>
    <system-err><![CDATA[SLF4J: Failed to load class "org.slf4j.impl.StaticLoggerBinder".
SLF4J: Defaulting to no-operation (NOP) logger implementation
SLF4J: See http://www.slf4j.org/codes.html#StaticLoggerBinder for further details.
ERROR StatusLogger Log4j2 could not find a logging implementation. Please add log4j-core to the classpath. Using SimpleLogger to log to the console...
Starting ChromeDriver 114.0.5735.90 (386bc09e8f4f2e025eddae123f36f6263096ae49-refs/branch-heads/5735@{#1052}) on port 57146
Only local connections are allowed.
Please see https://chromedriver.chromium.org/security-considerations for suggestions on keeping ChromeDriver safe.
ChromeDriver was started successfully.
[1693022979.862][WARNING]: This version of ChromeDriver has not been tested with Chrome version 115.
Aug 26, 2023 12:09:40 AM org.openqa.selenium.remote.ProtocolHandshake createSession
INFO: Detected upstream dialect: W3C
Aug 26, 2023 12:09:40 AM org.openqa.selenium.devtools.CdpVersionFinder findNearestMatch
WARNING: Unable to find an exact match for CDP version 115, so returning the closest version found: a no-op implementation
Aug 26, 2023 12:09:40 AM org.openqa.selenium.devtools.CdpVersionFinder findNearestMatch
INFO: Unable to find CDP implementation matching 115.
Aug 26, 2023 12:09:40 AM org.openqa.selenium.chromium.ChromiumDriver lambda$new$3
WARNING: Unable to find version of CDP to use for . You may need to include a dependency on a specific version of the CDP using something similar to `org.seleniumhq.selenium:selenium-devtools-v86:4.4.0` where the version ("v86") matches the version of the chromium-based browser you're using and the version number of the artifact is the same as Selenium's.
]]></system-err>
  </testcase>
  <testcase name="Verify User can place an order with Shipping address and payment Method on file #1" classname="Retail Order Page" time="4.705">
    <system-out><![CDATA[
@RegressionRetailOrder @addItemToCartAndCheckout
Scenario: Verify User can place an order with Shipping address and payment Method on file # features/RetailOrder.feature:22
{browser=chrome, headless=false, url=https://tek-retail-ui.azurewebsites.net/}
  Given User is on retail website                                                         # tek.sdet.framework.steps.SignInSteps.userIsOnRetailWebsite()
 INFO [main] (SignInSteps.java:26)- Login link was clicked successfully
  When User click on Sign in option                                                       # tek.sdet.framework.steps.SignInSteps.UserclickonSigninoption()
 INFO [main] (SignInSteps.java:34)- User successfully entered emailAhmad.F.Ghafoor@tekschool.us and passwordTek@School1
  And User enter email 'Ahmad.F.Ghafoor@tekschool.us' and password 'Tek@School1'          # tek.sdet.framework.steps.SignInSteps.userEnterEmailAndPassword(java.lang.String,java.lang.String)
 INFO [main] (SignInSteps.java:39)- user clicked login button
  And User click on login button                                                          # tek.sdet.framework.steps.SignInSteps.userClickOnLoginButton()
 INFO [main] (SignInSteps.java:44)- Account button is displayed
  Then User Should be logged in into Account                                              # tek.sdet.framework.steps.SignInSteps.userShouldBeLoggedInIntoAccount()
 INFO [main] (RetailOrderSteps.java:65)- Category changed to electronics successfully
  And User change the category to 'Electronics' Apex Legends                              # tek.sdet.framework.steps.RetailOrderSteps.userChangeTheCategoryToApexLegends(java.lang.String)
 INFO [main] (RetailOrderSteps.java:71)- Item name was entered successfully
  And User search for an item 'Apex Legends' Apex Legends                                 # tek.sdet.framework.steps.RetailOrderSteps.userSearchForAnItemApexLegends(java.lang.String)
 INFO [main] (RetailOrderSteps.java:32)- Search button was clicked successfully
  And User click on Search icon                                                           # tek.sdet.framework.steps.RetailOrderSteps.userClickOnSearchIcon()
 INFO [main] (RetailOrderSteps.java:77)- Item Apex Legends was clicked successfully
  And User click on item Apex Legends                                                     # tek.sdet.framework.steps.RetailOrderSteps.userClickOnItemApexLegends()
 INFO [main] (RetailOrderSteps.java:83)- Apex Legends Quantity selected successfully
  And User select quantity '5' for Apex Legends                                           # tek.sdet.framework.steps.RetailOrderSteps.userSelectQuantityForApexLegends(java.lang.String)
 INFO [main] (RetailOrderSteps.java:51)- Cart button was clicked successfully
  And User click add to Cart button                                                       # tek.sdet.framework.steps.RetailOrderSteps.userClickAddToCartButton()
 INFO [main] (RetailOrderSteps.java:95)- Cart Button was clicked successfully
  And User click on Cart option                                                           # tek.sdet.framework.steps.RetailOrderSteps.userClickOnCartOption()
 INFO [main] (RetailOrderSteps.java:101)- proceed to checkout button was clicked successfully
  And User click on Proceed to Checkout button                                            # tek.sdet.framework.steps.RetailOrderSteps.userClickOnProceedToCheckoutButton()
 INFO [main] (RetailOrderSteps.java:107)- Placed the order successfully
  And User click on Place Your Order                                                      # tek.sdet.framework.steps.RetailOrderSteps.userClickOnPlaceYourOrder()
  Then a message should be displayed 'Order Placed, Thanks'                               # tek.sdet.framework.steps.RetailAccountSteps.aMessageShouldBeDisplayed(java.lang.String)
]]></system-out>
    <system-err><![CDATA[Starting ChromeDriver 114.0.5735.90 (386bc09e8f4f2e025eddae123f36f6263096ae49-refs/branch-heads/5735@{#1052}) on port 61739
Only local connections are allowed.
Please see https://chromedriver.chromium.org/security-considerations for suggestions on keeping ChromeDriver safe.
ChromeDriver was started successfully.
[1693022984.898][WARNING]: This version of ChromeDriver has not been tested with Chrome version 115.
Aug 26, 2023 12:09:44 AM org.openqa.selenium.remote.ProtocolHandshake createSession
INFO: Detected upstream dialect: W3C
Aug 26, 2023 12:09:44 AM org.openqa.selenium.devtools.CdpVersionFinder findNearestMatch
WARNING: Unable to find an exact match for CDP version 115, so returning the closest version found: a no-op implementation
Aug 26, 2023 12:09:44 AM org.openqa.selenium.devtools.CdpVersionFinder findNearestMatch
INFO: Unable to find CDP implementation matching 115.
Aug 26, 2023 12:09:44 AM org.openqa.selenium.chromium.ChromiumDriver lambda$new$3
WARNING: Unable to find version of CDP to use for . You may need to include a dependency on a specific version of the CDP using something similar to `org.seleniumhq.selenium:selenium-devtools-v86:4.4.0` where the version ("v86") matches the version of the chromium-based browser you're using and the version number of the artifact is the same as Selenium's.
]]></system-err>
  </testcase>
  <testcase name="Verify User can Return the order" classname="Retail Order Page" time="5.968">
    <system-out><![CDATA[
@RegressionRetailOrder @returnOrder
Scenario: Verify User can Return the order                                       # features/RetailOrder.feature:36
{browser=chrome, headless=false, url=https://tek-retail-ui.azurewebsites.net/}
  Given User is on retail website                                                # tek.sdet.framework.steps.SignInSteps.userIsOnRetailWebsite()
 INFO [main] (SignInSteps.java:26)- Login link was clicked successfully
  When User click on Sign in option                                              # tek.sdet.framework.steps.SignInSteps.UserclickonSigninoption()
 INFO [main] (SignInSteps.java:34)- User successfully entered emailAhmad.F.Ghafoor@tekschool.us and passwordTek@School1
  And User enter email 'Ahmad.F.Ghafoor@tekschool.us' and password 'Tek@School1' # tek.sdet.framework.steps.SignInSteps.userEnterEmailAndPassword(java.lang.String,java.lang.String)
 INFO [main] (SignInSteps.java:39)- user clicked login button
  And User click on login button                                                 # tek.sdet.framework.steps.SignInSteps.userClickOnLoginButton()
 INFO [main] (SignInSteps.java:44)- Account button is displayed
  Then User Should be logged in into Account                                     # tek.sdet.framework.steps.SignInSteps.userShouldBeLoggedInIntoAccount()
 INFO [main] (RetailOrderSteps.java:115)- order link was clicked successfully
  And User click on Orders section                                               # tek.sdet.framework.steps.RetailOrderSteps.userClickOnOrdersSection()
 INFO [main] (RetailOrderSteps.java:129)- First order in the list clicked
  And User click on first order in list                                          # tek.sdet.framework.steps.RetailOrderSteps.userClickOnFirstOrderInList()
 INFO [main] (RetailOrderSteps.java:169)- Return Button clicked
  And User click on Return Items button                                          # tek.sdet.framework.steps.RetailOrderSteps.userClickOnReturnItemsButton()
 INFO [main] (RetailOrderSteps.java:175)- Return Reason clicked
  And User select the Return Reason 'Item damaged'                               # tek.sdet.framework.steps.RetailOrderSteps.userSelectTheReturnReasonItemDamaged(java.lang.String)
 INFO [main] (RetailOrderSteps.java:181)- Carrier Selected
  And User select the drop off service 'FedEx'                                   # tek.sdet.framework.steps.RetailOrderSteps.userSelectTheDropOffServiceFedEx(java.lang.String)
 INFO [main] (RetailOrderSteps.java:187)- Return order button clicked
  And User click on Return Order button                                          # tek.sdet.framework.steps.RetailOrderSteps.userClickOnReturnOrderButton()
 INFO [main] (RetailOrderSteps.java:193)- Item Returned Successfully
  Then a return message should be displayed 'Return was successfull'             # tek.sdet.framework.steps.RetailOrderSteps.aCancelationMessageShouldBeDisplayedReturnWasSuccessful(java.lang.String)
]]></system-out>
    <system-err><![CDATA[Starting ChromeDriver 114.0.5735.90 (386bc09e8f4f2e025eddae123f36f6263096ae49-refs/branch-heads/5735@{#1052}) on port 57029
Only local connections are allowed.
Please see https://chromedriver.chromium.org/security-considerations for suggestions on keeping ChromeDriver safe.
ChromeDriver was started successfully.
[1693022989.364][WARNING]: This version of ChromeDriver has not been tested with Chrome version 115.
Aug 26, 2023 12:09:49 AM org.openqa.selenium.remote.ProtocolHandshake createSession
INFO: Detected upstream dialect: W3C
Aug 26, 2023 12:09:49 AM org.openqa.selenium.devtools.CdpVersionFinder findNearestMatch
WARNING: Unable to find an exact match for CDP version 115, so returning the closest version found: a no-op implementation
Aug 26, 2023 12:09:49 AM org.openqa.selenium.devtools.CdpVersionFinder findNearestMatch
INFO: Unable to find CDP implementation matching 115.
Aug 26, 2023 12:09:49 AM org.openqa.selenium.chromium.ChromiumDriver lambda$new$3
WARNING: Unable to find version of CDP to use for . You may need to include a dependency on a specific version of the CDP using something similar to `org.seleniumhq.selenium:selenium-devtools-v86:4.4.0` where the version ("v86") matches the version of the chromium-based browser you're using and the version number of the artifact is the same as Selenium's.
]]></system-err>
  </testcase>
  <testcase name="Verify User can write a review on order placed" classname="Retail Order Page" time="5.932">
    <system-out><![CDATA[
@RegressionRetailOrder @writeOrder
Scenario: Verify User can write a review on order placed                         # features/RetailOrder.feature:46
{browser=chrome, headless=false, url=https://tek-retail-ui.azurewebsites.net/}
  Given User is on retail website                                                # tek.sdet.framework.steps.SignInSteps.userIsOnRetailWebsite()
 INFO [main] (SignInSteps.java:26)- Login link was clicked successfully
  When User click on Sign in option                                              # tek.sdet.framework.steps.SignInSteps.UserclickonSigninoption()
 INFO [main] (SignInSteps.java:34)- User successfully entered emailAhmad.F.Ghafoor@tekschool.us and passwordTek@School1
  And User enter email 'Ahmad.F.Ghafoor@tekschool.us' and password 'Tek@School1' # tek.sdet.framework.steps.SignInSteps.userEnterEmailAndPassword(java.lang.String,java.lang.String)
 INFO [main] (SignInSteps.java:39)- user clicked login button
  And User click on login button                                                 # tek.sdet.framework.steps.SignInSteps.userClickOnLoginButton()
 INFO [main] (SignInSteps.java:44)- Account button is displayed
  Then User Should be logged in into Account                                     # tek.sdet.framework.steps.SignInSteps.userShouldBeLoggedInIntoAccount()
 INFO [main] (RetailOrderSteps.java:115)- order link was clicked successfully
  And User click on Orders section                                               # tek.sdet.framework.steps.RetailOrderSteps.userClickOnOrdersSection()
 INFO [main] (RetailOrderSteps.java:129)- First order in the list clicked
  And User click on first order in list                                          # tek.sdet.framework.steps.RetailOrderSteps.userClickOnFirstOrderInList()
 INFO [main] (RetailOrderSteps.java:202)- Review button clicked
  And User click on Review button                                                # tek.sdet.framework.steps.RetailOrderSteps.userClickOnReviewButton()
 INFO [main] (RetailOrderSteps.java:209)- Subject line filled out successfullyAmazingdescription filled out successfullyGood graphics and maps
  And User write Review headline 'Amazing' and 'Good graphics and maps'          # tek.sdet.framework.steps.RetailOrderSteps.userWriteReviewHeadlineHeadlineValueAndReviewText(java.lang.String,java.lang.String)
 INFO [main] (RetailOrderSteps.java:215)- Review Added Successfully
  And User click Add your Review button                                          # tek.sdet.framework.steps.RetailOrderSteps.userClickAddYourReviewButton()
 INFO [main] (RetailOrderSteps.java:224)- Reviewed Message Displayed Successfully
  Then a review message should be displayed 'Your review was added successfully' # tek.sdet.framework.steps.RetailOrderSteps.aReviewMessageShouldBeDisplayedYourReviewWasAddedSuccessfully(java.lang.String)
]]></system-out>
    <system-err><![CDATA[Starting ChromeDriver 114.0.5735.90 (386bc09e8f4f2e025eddae123f36f6263096ae49-refs/branch-heads/5735@{#1052}) on port 62384
Only local connections are allowed.
Please see https://chromedriver.chromium.org/security-considerations for suggestions on keeping ChromeDriver safe.
ChromeDriver was started successfully.
[1693022995.448][WARNING]: This version of ChromeDriver has not been tested with Chrome version 115.
Aug 26, 2023 12:09:55 AM org.openqa.selenium.remote.ProtocolHandshake createSession
INFO: Detected upstream dialect: W3C
Aug 26, 2023 12:09:55 AM org.openqa.selenium.devtools.CdpVersionFinder findNearestMatch
WARNING: Unable to find an exact match for CDP version 115, so returning the closest version found: a no-op implementation
Aug 26, 2023 12:09:55 AM org.openqa.selenium.devtools.CdpVersionFinder findNearestMatch
INFO: Unable to find CDP implementation matching 115.
Aug 26, 2023 12:09:55 AM org.openqa.selenium.chromium.ChromiumDriver lambda$new$3
WARNING: Unable to find version of CDP to use for . You may need to include a dependency on a specific version of the CDP using something similar to `org.seleniumhq.selenium:selenium-devtools-v86:4.4.0` where the version ("v86") matches the version of the chromium-based browser you're using and the version number of the artifact is the same as Selenium's.
]]></system-err>
  </testcase>
  <testcase name="Verify User can place an order with Shipping address and payment Method on file #2" classname="Retail Order Page" time="4.205">
    <system-out><![CDATA[
@RegressionRetailOrder
Scenario: Verify User can place an order with Shipping address and payment Method on file # features/RetailOrder.feature:54
{browser=chrome, headless=false, url=https://tek-retail-ui.azurewebsites.net/}
  Given User is on retail website                                                         # tek.sdet.framework.steps.SignInSteps.userIsOnRetailWebsite()
 INFO [main] (SignInSteps.java:26)- Login link was clicked successfully
  When User click on Sign in option                                                       # tek.sdet.framework.steps.SignInSteps.UserclickonSigninoption()
 INFO [main] (SignInSteps.java:34)- User successfully entered emailAhmad.F.Ghafoor@tekschool.us and passwordTek@School1
  And User enter email 'Ahmad.F.Ghafoor@tekschool.us' and password 'Tek@School1'          # tek.sdet.framework.steps.SignInSteps.userEnterEmailAndPassword(java.lang.String,java.lang.String)
 INFO [main] (SignInSteps.java:39)- user clicked login button
  And User click on login button                                                          # tek.sdet.framework.steps.SignInSteps.userClickOnLoginButton()
 INFO [main] (SignInSteps.java:44)- Account button is displayed
  Then User Should be logged in into Account                                              # tek.sdet.framework.steps.SignInSteps.userShouldBeLoggedInIntoAccount()
 INFO [main] (RetailOrderSteps.java:65)- Category changed to electronics successfully
  And User change the category to 'Electronics' Apex Legends                              # tek.sdet.framework.steps.RetailOrderSteps.userChangeTheCategoryToApexLegends(java.lang.String)
 INFO [main] (RetailOrderSteps.java:71)- Item name was entered successfully
  And User search for an item 'Apex Legends' Apex Legends                                 # tek.sdet.framework.steps.RetailOrderSteps.userSearchForAnItemApexLegends(java.lang.String)
 INFO [main] (RetailOrderSteps.java:32)- Search button was clicked successfully
  And User click on Search icon                                                           # tek.sdet.framework.steps.RetailOrderSteps.userClickOnSearchIcon()
 INFO [main] (RetailOrderSteps.java:77)- Item Apex Legends was clicked successfully
  And User click on item Apex Legends                                                     # tek.sdet.framework.steps.RetailOrderSteps.userClickOnItemApexLegends()
 INFO [main] (RetailOrderSteps.java:83)- Apex Legends Quantity selected successfully
  And User select quantity '5' for Apex Legends                                           # tek.sdet.framework.steps.RetailOrderSteps.userSelectQuantityForApexLegends(java.lang.String)
 INFO [main] (RetailOrderSteps.java:51)- Cart button was clicked successfully
  And User click add to Cart button                                                       # tek.sdet.framework.steps.RetailOrderSteps.userClickAddToCartButton()
 INFO [main] (RetailOrderSteps.java:95)- Cart Button was clicked successfully
  And User click on Cart option                                                           # tek.sdet.framework.steps.RetailOrderSteps.userClickOnCartOption()
 INFO [main] (RetailOrderSteps.java:101)- proceed to checkout button was clicked successfully
  And User click on Proceed to Checkout button                                            # tek.sdet.framework.steps.RetailOrderSteps.userClickOnProceedToCheckoutButton()
 INFO [main] (RetailOrderSteps.java:107)- Placed the order successfully
  And User click on Place Your Order                                                      # tek.sdet.framework.steps.RetailOrderSteps.userClickOnPlaceYourOrder()
  Then a message should be displayed 'Order Placed, Thanks'                               # tek.sdet.framework.steps.RetailAccountSteps.aMessageShouldBeDisplayed(java.lang.String)
]]></system-out>
    <system-err><![CDATA[Starting ChromeDriver 114.0.5735.90 (386bc09e8f4f2e025eddae123f36f6263096ae49-refs/branch-heads/5735@{#1052}) on port 54355
Only local connections are allowed.
Please see https://chromedriver.chromium.org/security-considerations for suggestions on keeping ChromeDriver safe.
ChromeDriver was started successfully.
[1693023001.223][WARNING]: This version of ChromeDriver has not been tested with Chrome version 115.
Aug 26, 2023 12:10:01 AM org.openqa.selenium.remote.ProtocolHandshake createSession
INFO: Detected upstream dialect: W3C
Aug 26, 2023 12:10:01 AM org.openqa.selenium.devtools.CdpVersionFinder findNearestMatch
WARNING: Unable to find an exact match for CDP version 115, so returning the closest version found: a no-op implementation
Aug 26, 2023 12:10:01 AM org.openqa.selenium.devtools.CdpVersionFinder findNearestMatch
INFO: Unable to find CDP implementation matching 115.
Aug 26, 2023 12:10:01 AM org.openqa.selenium.chromium.ChromiumDriver lambda$new$3
WARNING: Unable to find version of CDP to use for . You may need to include a dependency on a specific version of the CDP using something similar to `org.seleniumhq.selenium:selenium-devtools-v86:4.4.0` where the version ("v86") matches the version of the chromium-based browser you're using and the version number of the artifact is the same as Selenium's.
]]></system-err>
  </testcase>
  <testcase name="Verify User can cancel the order" classname="Retail Order Page" time="5.926">
    <system-out><![CDATA[
@RegressionRetailOrder @cancelOrder
Scenario: Verify User can cancel the order                                       # features/RetailOrder.feature:68
{browser=chrome, headless=false, url=https://tek-retail-ui.azurewebsites.net/}
  Given User is on retail website                                                # tek.sdet.framework.steps.SignInSteps.userIsOnRetailWebsite()
 INFO [main] (SignInSteps.java:26)- Login link was clicked successfully
  When User click on Sign in option                                              # tek.sdet.framework.steps.SignInSteps.UserclickonSigninoption()
 INFO [main] (SignInSteps.java:34)- User successfully entered emailAhmad.F.Ghafoor@tekschool.us and passwordTek@School1
  And User enter email 'Ahmad.F.Ghafoor@tekschool.us' and password 'Tek@School1' # tek.sdet.framework.steps.SignInSteps.userEnterEmailAndPassword(java.lang.String,java.lang.String)
 INFO [main] (SignInSteps.java:39)- user clicked login button
  And User click on login button                                                 # tek.sdet.framework.steps.SignInSteps.userClickOnLoginButton()
 INFO [main] (SignInSteps.java:44)- Account button is displayed
  Then User Should be logged in into Account                                     # tek.sdet.framework.steps.SignInSteps.userShouldBeLoggedInIntoAccount()
 INFO [main] (RetailOrderSteps.java:115)- order link was clicked successfully
  And User click on Orders section                                               # tek.sdet.framework.steps.RetailOrderSteps.userClickOnOrdersSection()
 INFO [main] (RetailOrderSteps.java:129)- First order in the list clicked
  And User click on first order in list                                          # tek.sdet.framework.steps.RetailOrderSteps.userClickOnFirstOrderInList()
 INFO [main] (RetailOrderSteps.java:142)- Order cancel button was clicked
  And User click on Cancel The Order button                                      # tek.sdet.framework.steps.RetailOrderSteps.userClickOnCancelTheOrderButton()
 INFO [main] (RetailOrderSteps.java:148)- cancelation reason was selected
  And User select the cancelation Reason 'Bought wrong item'                     # tek.sdet.framework.steps.RetailOrderSteps.userSelectTheCancelationReason(java.lang.String)
 INFO [main] (RetailOrderSteps.java:154)- Cancel Button was clicked successfully
  And User click on Cancel Order button                                          # tek.sdet.framework.steps.RetailOrderSteps.userClickOnCancelOrderButton()
 INFO [main] (RetailOrderSteps.java:160)- Cancelation success message was verified successfully
  Then a cancelation message should be displayed 'Your Order Has Been Cancelled' # tek.sdet.framework.steps.RetailOrderSteps.aCancelationMessageShouldBeDisplayed(java.lang.String)
]]></system-out>
    <system-err><![CDATA[Starting ChromeDriver 114.0.5735.90 (386bc09e8f4f2e025eddae123f36f6263096ae49-refs/branch-heads/5735@{#1052}) on port 64963
Only local connections are allowed.
Please see https://chromedriver.chromium.org/security-considerations for suggestions on keeping ChromeDriver safe.
ChromeDriver was started successfully.
[1693023005.421][WARNING]: This version of ChromeDriver has not been tested with Chrome version 115.
Aug 26, 2023 12:10:05 AM org.openqa.selenium.remote.ProtocolHandshake createSession
INFO: Detected upstream dialect: W3C
Aug 26, 2023 12:10:05 AM org.openqa.selenium.devtools.CdpVersionFinder findNearestMatch
WARNING: Unable to find an exact match for CDP version 115, so returning the closest version found: a no-op implementation
Aug 26, 2023 12:10:05 AM org.openqa.selenium.devtools.CdpVersionFinder findNearestMatch
INFO: Unable to find CDP implementation matching 115.
Aug 26, 2023 12:10:05 AM org.openqa.selenium.chromium.ChromiumDriver lambda$new$3
WARNING: Unable to find version of CDP to use for . You may need to include a dependency on a specific version of the CDP using something similar to `org.seleniumhq.selenium:selenium-devtools-v86:4.4.0` where the version ("v86") matches the version of the chromium-based browser you're using and the version number of the artifact is the same as Selenium's.
]]></system-err>
  </testcase>
</testsuite>